<?xml version="1.0" encoding="UTF-8"?>
<!-- Generated by org.testng.reporters.JUnitXMLReporter -->
<testsuite hostname="net04-PC" ignored="0" name="Default test" tests="3" failures="0" timestamp="14 Nov 2017 06:16:13 GMT" time="32.435" errors="0">
  <testcase name="Login" time="2.314" classname="Test_Cases.check_login"/>
  <testcase name="navigate" time="13.174" classname="Test_Cases.check_worksheetdelete"/>
  <testcase name="search_worksheet" time="6.791" classname="Test_Cases.check_worksheetdelete"/>
</testsuite> <!-- Default test -->
